{"C:\\Users\\Kenji Fam\\Documents\\GitHub\\Cloudpro\\w5 NodeJS & Testing\\02 Unit Testing\\taxi\\modules\\taxi.js":{"path":"C:\\Users\\Kenji Fam\\Documents\\GitHub\\Cloudpro\\w5 NodeJS & Testing\\02 Unit Testing\\taxi\\modules\\taxi.js","s":{"1":3,"2":3,"3":3,"4":3,"5":3,"6":3,"7":3,"8":3,"9":0,"10":0,"11":0,"12":3,"13":3,"14":0,"15":0,"16":0,"17":0,"18":0,"19":1,"20":6,"21":6,"22":6,"23":6,"24":0,"25":3,"26":0,"27":0,"28":0,"29":0,"30":0,"31":1,"32":0,"33":0},"b":{},"f":{"1":3,"2":6,"3":0,"4":0},"fnMap":{"1":{"name":"(anonymous_1)","line":17,"loc":{"start":{"line":17,"column":18},"end":{"line":17,"column":50}}},"2":{"name":"getLatLon","line":27,"loc":{"start":{"line":27,"column":0},"end":{"line":27,"column":28}}},"3":{"name":"(anonymous_3)","line":37,"loc":{"start":{"line":37,"column":19},"end":{"line":37,"column":40}},"skip":true},"4":{"name":"calculateFare","line":45,"loc":{"start":{"line":45,"column":0},"end":{"line":45,"column":43}}}},"statementMap":{"1":{"start":{"line":1,"column":0},"end":{"line":1,"column":29}},"2":{"start":{"line":2,"column":0},"end":{"line":2,"column":53}},"3":{"start":{"line":3,"column":0},"end":{"line":3,"column":58}},"4":{"start":{"line":4,"column":0},"end":{"line":4,"column":61}},"5":{"start":{"line":6,"column":0},"end":{"line":6,"column":35}},"6":{"start":{"line":8,"column":0},"end":{"line":8,"column":8}},"7":{"start":{"line":10,"column":0},"end":{"line":15,"column":1}},"8":{"start":{"line":11,"column":1},"end":{"line":11,"column":32}},"9":{"start":{"line":12,"column":1},"end":{"line":12,"column":27}},"10":{"start":{"line":13,"column":1},"end":{"line":13,"column":29}},"11":{"start":{"line":14,"column":1},"end":{"line":14,"column":65}},"12":{"start":{"line":17,"column":0},"end":{"line":24,"column":1}},"13":{"start":{"line":18,"column":1},"end":{"line":18,"column":34}},"14":{"start":{"line":19,"column":1},"end":{"line":19,"column":38}},"15":{"start":{"line":20,"column":1},"end":{"line":20,"column":53}},"16":{"start":{"line":21,"column":1},"end":{"line":21,"column":53}},"17":{"start":{"line":22,"column":1},"end":{"line":22,"column":45}},"18":{"start":{"line":23,"column":1},"end":{"line":23,"column":74}},"19":{"start":{"line":27,"column":0},"end":{"line":33,"column":1}},"20":{"start":{"line":28,"column":1},"end":{"line":28,"column":44}},"21":{"start":{"line":29,"column":1},"end":{"line":29,"column":35}},"22":{"start":{"line":30,"column":1},"end":{"line":30,"column":50}},"23":{"start":{"line":31,"column":1},"end":{"line":31,"column":44}},"24":{"start":{"line":32,"column":1},"end":{"line":32,"column":49}},"25":{"start":{"line":37,"column":0},"end":{"line":43,"column":1},"skip":true},"26":{"start":{"line":38,"column":1},"end":{"line":38,"column":33},"skip":true},"27":{"start":{"line":39,"column":1},"end":{"line":39,"column":36},"skip":true},"28":{"start":{"line":40,"column":1},"end":{"line":40,"column":17},"skip":true},"29":{"start":{"line":41,"column":1},"end":{"line":41,"column":29},"skip":true},"30":{"start":{"line":42,"column":1},"end":{"line":42,"column":50},"skip":true},"31":{"start":{"line":45,"column":0},"end":{"line":48,"column":1}},"32":{"start":{"line":46,"column":1},"end":{"line":46,"column":34}},"33":{"start":{"line":47,"column":1},"end":{"line":47,"column":23}}},"branchMap":{}}}