TN:
SF:C:\Users\Kenji Fam\Documents\GitHub\Cloudpro\w5 NodeJS & Testing\02 Unit Testing\taxi\modules\taxi.js
FN:17,(anonymous_1)
FN:27,getLatLon
FN:37,(anonymous_3)
FN:45,calculateFare
FNF:4
FNH:3
FNDA:3,(anonymous_1)
FNDA:6,getLatLon
FNDA:0,(anonymous_3)
FNDA:0,calculateFare
DA:1,3
DA:2,3
DA:3,3
DA:4,3
DA:6,3
DA:8,3
DA:10,3
DA:11,3
DA:12,0
DA:13,0
DA:14,0
DA:17,3
DA:18,3
DA:19,0
DA:20,0
DA:21,0
DA:22,0
DA:23,0
DA:27,1
DA:28,6
DA:29,6
DA:30,6
DA:31,6
DA:32,0
DA:37,3
DA:38,1
DA:39,1
DA:40,1
DA:41,1
DA:42,1
DA:45,1
DA:46,0
DA:47,0
LF:33
LH:22
BRF:0
BRH:0
end_of_record
