{"C:\\Users\\Kenji Fam\\Documents\\GitHub\\Cloudpro\\w5 NodeJS & Testing\\02 Unit Testing\\shopping\\modules\\shopping.js":{"path":"C:\\Users\\Kenji Fam\\Documents\\GitHub\\Cloudpro\\w5 NodeJS & Testing\\02 Unit Testing\\shopping\\modules\\shopping.js","s":{"1":1,"2":1,"3":49,"4":1,"5":48,"6":1,"7":47,"8":31,"9":16,"10":16,"11":16,"12":47,"13":1,"14":4,"15":1,"16":15,"17":1,"18":4,"19":4,"20":5,"21":4,"22":1,"23":4,"24":1,"25":3,"26":1,"27":3,"28":3,"29":1,"30":2,"31":1,"32":5,"33":5,"34":1,"35":4,"36":1,"37":3,"38":1,"39":2,"40":2,"41":2,"42":1,"43":1,"44":1,"45":1},"b":{"1":[1,48],"2":[1,47],"3":[31,16],"4":[1,3],"5":[1,2],"6":[1,4],"7":[5,5],"8":[1,3],"9":[1,2],"10":[1,1]},"f":{},"fnMap":{},"statementMap":{"1":{"start":{"line":9,"column":0},"end":{"line":9,"column":20}},"2":{"start":{"line":12,"column":0},"end":{"line":33,"column":1}},"3":{"start":{"line":14,"column":1},"end":{"line":16,"column":2}},"4":{"start":{"line":15,"column":2},"end":{"line":15,"column":48}},"5":{"start":{"line":17,"column":1},"end":{"line":19,"column":2}},"6":{"start":{"line":18,"column":2},"end":{"line":18,"column":51}},"7":{"start":{"line":22,"column":1},"end":{"line":31,"column":2}},"8":{"start":{"line":24,"column":2},"end":{"line":24,"column":39}},"9":{"start":{"line":27,"column":2},"end":{"line":27,"column":24}},"10":{"start":{"line":28,"column":2},"end":{"line":28,"column":10}},"11":{"start":{"line":30,"column":2},"end":{"line":30,"column":19}},"12":{"start":{"line":32,"column":1},"end":{"line":32,"column":22}},"13":{"start":{"line":37,"column":0},"end":{"line":40,"column":1}},"14":{"start":{"line":39,"column":1},"end":{"line":39,"column":17}},"15":{"start":{"line":43,"column":0},"end":{"line":45,"column":1}},"16":{"start":{"line":44,"column":1},"end":{"line":44,"column":17}},"17":{"start":{"line":48,"column":0},"end":{"line":54,"column":1}},"18":{"start":{"line":49,"column":1},"end":{"line":49,"column":21}},"19":{"start":{"line":50,"column":1},"end":{"line":52,"column":2}},"20":{"start":{"line":51,"column":2},"end":{"line":51,"column":23}},"21":{"start":{"line":53,"column":1},"end":{"line":53,"column":17}},"22":{"start":{"line":62,"column":0},"end":{"line":67,"column":1}},"23":{"start":{"line":63,"column":1},"end":{"line":65,"column":2}},"24":{"start":{"line":64,"column":2},"end":{"line":64,"column":37}},"25":{"start":{"line":66,"column":1},"end":{"line":66,"column":22}},"26":{"start":{"line":70,"column":0},"end":{"line":76,"column":1}},"27":{"start":{"line":71,"column":1},"end":{"line":71,"column":26}},"28":{"start":{"line":72,"column":1},"end":{"line":74,"column":2}},"29":{"start":{"line":73,"column":2},"end":{"line":73,"column":37}},"30":{"start":{"line":75,"column":1},"end":{"line":75,"column":18}},"31":{"start":{"line":79,"column":0},"end":{"line":98,"column":1}},"32":{"start":{"line":80,"column":1},"end":{"line":80,"column":23}},"33":{"start":{"line":81,"column":1},"end":{"line":83,"column":2}},"34":{"start":{"line":82,"column":2},"end":{"line":82,"column":53}},"35":{"start":{"line":84,"column":1},"end":{"line":86,"column":2}},"36":{"start":{"line":85,"column":2},"end":{"line":85,"column":37}},"37":{"start":{"line":87,"column":1},"end":{"line":89,"column":2}},"38":{"start":{"line":88,"column":2},"end":{"line":88,"column":56}},"39":{"start":{"line":90,"column":1},"end":{"line":90,"column":24}},"40":{"start":{"line":91,"column":1},"end":{"line":91,"column":29}},"41":{"start":{"line":92,"column":1},"end":{"line":95,"column":2}},"42":{"start":{"line":93,"column":2},"end":{"line":93,"column":19}},"43":{"start":{"line":94,"column":2},"end":{"line":94,"column":8}},"44":{"start":{"line":96,"column":1},"end":{"line":96,"column":34}},"45":{"start":{"line":97,"column":1},"end":{"line":97,"column":24}}},"branchMap":{"1":{"line":14,"type":"if","locations":[{"start":{"line":14,"column":1},"end":{"line":14,"column":1}},{"start":{"line":14,"column":1},"end":{"line":14,"column":1}}]},"2":{"line":17,"type":"if","locations":[{"start":{"line":17,"column":1},"end":{"line":17,"column":1}},{"start":{"line":17,"column":1},"end":{"line":17,"column":1}}]},"3":{"line":22,"type":"if","locations":[{"start":{"line":22,"column":1},"end":{"line":22,"column":1}},{"start":{"line":22,"column":1},"end":{"line":22,"column":1}}]},"4":{"line":63,"type":"if","locations":[{"start":{"line":63,"column":1},"end":{"line":63,"column":1}},{"start":{"line":63,"column":1},"end":{"line":63,"column":1}}]},"5":{"line":72,"type":"if","locations":[{"start":{"line":72,"column":1},"end":{"line":72,"column":1}},{"start":{"line":72,"column":1},"end":{"line":72,"column":1}}]},"6":{"line":81,"type":"if","locations":[{"start":{"line":81,"column":1},"end":{"line":81,"column":1}},{"start":{"line":81,"column":1},"end":{"line":81,"column":1}}]},"7":{"line":81,"type":"binary-expr","locations":[{"start":{"line":81,"column":5},"end":{"line":81,"column":23}},{"start":{"line":81,"column":27},"end":{"line":81,"column":46}}]},"8":{"line":84,"type":"if","locations":[{"start":{"line":84,"column":1},"end":{"line":84,"column":1}},{"start":{"line":84,"column":1},"end":{"line":84,"column":1}}]},"9":{"line":87,"type":"if","locations":[{"start":{"line":87,"column":1},"end":{"line":87,"column":1}},{"start":{"line":87,"column":1},"end":{"line":87,"column":1}}]},"10":{"line":92,"type":"if","locations":[{"start":{"line":92,"column":1},"end":{"line":92,"column":1}},{"start":{"line":92,"column":1},"end":{"line":92,"column":1}}]}}}}