TN:
SF:C:\Users\Kenji Fam\Documents\GitHub\Cloudpro\w5 NodeJS & Testing\02 Unit Testing\shopping\modules\shopping.js
FNF:0
FNH:0
DA:9,1
DA:12,1
DA:14,49
DA:15,1
DA:17,48
DA:18,1
DA:22,47
DA:24,31
DA:27,16
DA:28,16
DA:30,16
DA:32,47
DA:37,1
DA:39,4
DA:43,1
DA:44,15
DA:48,1
DA:49,4
DA:50,4
DA:51,5
DA:53,4
DA:62,1
DA:63,4
DA:64,1
DA:66,3
DA:70,1
DA:71,3
DA:72,3
DA:73,1
DA:75,2
DA:79,1
DA:80,5
DA:81,5
DA:82,1
DA:84,4
DA:85,1
DA:87,3
DA:88,1
DA:90,2
DA:91,2
DA:92,2
DA:93,1
DA:94,1
DA:96,1
DA:97,1
LF:45
LH:45
BRDA:14,1,0,1
BRDA:14,1,1,48
BRDA:17,2,0,1
BRDA:17,2,1,47
BRDA:22,3,0,31
BRDA:22,3,1,16
BRDA:63,4,0,1
BRDA:63,4,1,3
BRDA:72,5,0,1
BRDA:72,5,1,2
BRDA:81,6,0,1
BRDA:81,6,1,4
BRDA:81,7,0,5
BRDA:81,7,1,5
BRDA:84,8,0,1
BRDA:84,8,1,3
BRDA:87,9,0,1
BRDA:87,9,1,2
BRDA:92,10,0,1
BRDA:92,10,1,1
BRF:20
BRH:20
end_of_record
